<?xml version="1.0" encoding="UTF-8"?>
<testsuite xmlns:xsi="http://www.w3.org/2001/XMLSchema-instance" xsi:noNamespaceSchemaLocation="https://maven.apache.org/surefire/maven-surefire-plugin/xsd/surefire-test-report.xsd" name="jwttext.JwtTest" time="3.439" tests="1" errors="1" skipped="0" failures="0">
  <properties>
[...]
</properties>
  <testcase name="test" classname="jwttext.JwtTest" time="3.373">
    <error message="JWT expired at 2019-03-11T17:14:22+0800. Current time: 2019-03-13T15:32:43+0800" type="io.jsonwebtoken.ExpiredJwtException">io.jsonwebtoken.ExpiredJwtException: JWT expired at 2019-03-11T17:14:22+0800. Current time: 2019-03-13T15:32:43+0800
	at jwttext.JwtTest.test(JwtTest.java:15)
</error>
  </testcase>
</testsuite>